<?xml version="1.0" encoding="UTF-8"?>
<testng-results skipped="0" failed="0" ignored="0" total="1" passed="1">
  <reporter-output>
  </reporter-output>
  <suite name="Default suite" duration-ms="12860" started-at="2020-05-26T11:11:14 IST" finished-at="2020-05-26T11:11:27 IST">
    <groups>
    </groups>
    <test name="Default test" duration-ms="12860" started-at="2020-05-26T11:11:14 IST" finished-at="2020-05-26T11:11:27 IST">
      <class name="com.inetbanking.testdata.qa.TC_LoginTest_001">
        <test-method status="PASS" signature="setUp()[pri:0, instance:com.inetbanking.testdata.qa.TC_LoginTest_001@1e965684]" name="setUp" is-config="true" duration-ms="5100" started-at="2020-05-26T11:11:14 IST" finished-at="2020-05-26T11:11:19 IST">
          <reporter-output>
          </reporter-output>
        </test-method> <!-- setUp -->
        <test-method status="PASS" signature="loginPageTest()[pri:0, instance:com.inetbanking.testdata.qa.TC_LoginTest_001@1e965684]" name="loginPageTest" duration-ms="6946" started-at="2020-05-26T11:11:19 IST" finished-at="2020-05-26T11:11:26 IST">
          <reporter-output>
          </reporter-output>
        </test-method> <!-- loginPageTest -->
        <test-method status="PASS" signature="tearDown()[pri:0, instance:com.inetbanking.testdata.qa.TC_LoginTest_001@1e965684]" name="tearDown" is-config="true" duration-ms="740" started-at="2020-05-26T11:11:26 IST" finished-at="2020-05-26T11:11:27 IST">
          <reporter-output>
          </reporter-output>
        </test-method> <!-- tearDown -->
      </class> <!-- com.inetbanking.testdata.qa.TC_LoginTest_001 -->
    </test> <!-- Default test -->
  </suite> <!-- Default suite -->
</testng-results>
